11/2/13 10:46:11 AM - 10: edu.stanford.nlp.ling.tokensregex.CoreMapExpressionExtractor.appendRules: INFO: Ignoring inactive rule: temporal-composite-8:ranges
11/2/13 10:46:13 AM - 11: edu.stanford.nlp.process.PTBLexer.next: WARNING: Untokenizable: ? (U+FFFD, decimal: 65533)
11/2/13 10:46:13 AM - 11: edu.stanford.nlp.process.PTBLexer.next: WARNING: Untokenizable: ? (U+FFFD, decimal: 65533)
11/2/13 10:46:13 AM - 11: edu.stanford.nlp.process.PTBLexer.next: WARNING: Untokenizable: ? (U+FFFD, decimal: 65533)
11/2/13 10:46:13 AM - 11: edu.stanford.nlp.process.PTBLexer.next: WARNING: Untokenizable: ? (U+FFFD, decimal: 65533)
11/2/13 10:46:13 AM - 11: edu.stanford.nlp.process.PTBLexer.next: WARNING: Untokenizable: ? (U+FFFD, decimal: 65533)
11/2/13 10:46:13 AM - 11: edu.stanford.nlp.process.PTBLexer.next: WARNING: Untokenizable: ? (U+FFFD, decimal: 65533)
11/2/13 10:46:14 AM - 11: edu.stanford.nlp.process.PTBLexer.next: WARNING: Untokenizable: ? (U+FFFD, decimal: 65533)
11/2/13 10:46:14 AM - 11: edu.stanford.nlp.process.PTBLexer.next: WARNING: Untokenizable: ? (U+FFFD, decimal: 65533)
11/2/13 10:46:14 AM - 11: edu.stanford.nlp.process.PTBLexer.next: WARNING: Untokenizable: ? (U+FFFD, decimal: 65533)
11/2/13 10:46:14 AM - 11: edu.stanford.nlp.process.PTBLexer.next: WARNING: Untokenizable: ? (U+FFFD, decimal: 65533)
11/2/13 10:46:14 AM - 11: edu.stanford.nlp.process.PTBLexer.next: WARNING: Untokenizable: ? (U+FFFD, decimal: 65533)
11/2/13 10:46:14 AM - 11: edu.stanford.nlp.process.PTBLexer.next: WARNING: Untokenizable: ? (U+FFFD, decimal: 65533)
11/2/13 10:46:14 AM - 11: edu.stanford.nlp.process.PTBLexer.next: WARNING: Untokenizable: ? (U+FFFD, decimal: 65533)
11/2/13 10:46:14 AM - 11: edu.stanford.nlp.process.PTBLexer.next: WARNING: Untokenizable: ? (U+FFFD, decimal: 65533)
11/2/13 10:46:14 AM - 11: edu.stanford.nlp.process.PTBLexer.next: WARNING: Untokenizable: ? (U+FFFD, decimal: 65533)
11/2/13 10:46:31 AM - 11: org.apache.uima.collection.impl.cpm.engine.CPMThreadGroup.process: SEVERE: The CPM thread group caught the following unhandled error: java.lang.OutOfMemoryError (Thread Name: [Procesing Pipeline#1 Thread]::) 
11/2/13 10:46:35 AM - 12: org.apache.uima.collection.impl.cpm.BaseCPMImpl.process: WARNING: Processing the request to stop the CPM. (Thread Name: AWT-EventQueue-0)
11/2/13 10:46:35 AM - 12: org.apache.uima.collection.impl.cpm.engine.CPMEngine.process: INFO: The collection reader thread state is: 1001 (Thread Name: AWT-EventQueue-0) 
11/2/13 10:46:35 AM - 12: org.apache.uima.collection.impl.cpm.engine.CPMEngine.process: INFO: The CPM processing unit is 0 and processing state 2005. (Thread Name: AWT-EventQueue-0)
11/2/13 10:46:35 AM - 12: org.apache.uima.collection.impl.cpm.engine.CPMEngine.process: INFO: The CAS consumer thread state is 2001. (Thread Name: AWT-EventQueue-0) 
